[0m[[0minfo[0m] [0m[32mStep2_SecondarySpec:[0m[0m
[0m[[0minfo[0m] [0m[32m- case1: Secondary (in isolation) should properly register itself to the provided Arbiter[0m[0m
[0m[[0minfo[0m] [0m[31m- case2: Secondary (in isolation) must handle Snapshots *** FAILED ***[0m[0m
[0m[[0minfo[0m] [0m[31m  java.lang.AssertionError: assertion failed: timeout (3 seconds) during expectMsgClass waiting for class kvstore.Replica$GetResult[0m[0m
[0m[[0minfo[0m] [0m[31m  at scala.Predef$.assert(Predef.scala:165)[0m[0m
[0m[[0minfo[0m] [0m[31m  at akka.testkit.TestKitBase$class.expectMsgClass_internal(TestKit.scala:423)[0m[0m
[0m[[0minfo[0m] [0m[31m  at akka.testkit.TestKitBase$class.expectMsgType(TestKit.scala:396)[0m[0m
[0m[[0minfo[0m] [0m[31m  at akka.testkit.TestKit.expectMsgType(TestKit.scala:718)[0m[0m
[0m[[0minfo[0m] [0m[31m  at kvstore.Tools$Session.get(Tools.scala:75)[0m[0m
[0m[[0minfo[0m] [0m[31m  at kvstore.Step2_SecondarySpec$$anonfun$2.apply$mcV$sp(Step2_SecondarySpec.scala:45)[0m[0m
[0m[[0minfo[0m] [0m[31m  at kvstore.Step2_SecondarySpec$$anonfun$2.apply(Step2_SecondarySpec.scala:34)[0m[0m
[0m[[0minfo[0m] [0m[31m  at kvstore.Step2_SecondarySpec$$anonfun$2.apply(Step2_SecondarySpec.scala:34)[0m[0m
[0m[[0minfo[0m] [0m[31m  at org.scalatest.Transformer$$anonfun$apply$1.apply$mcV$sp(Transformer.scala:22)[0m[0m
[0m[[0minfo[0m] [0m[31m  at org.scalatest.OutcomeOf$class.outcomeOf(OutcomeOf.scala:85)[0m[0m
[0m[[0minfo[0m] [0m[31m  ...[0m[0m
[0m[[0minfo[0m] [0m[31m- case3: Secondary should drop and immediately ack snapshots with older sequence numbers *** FAILED ***[0m[0m
[0m[[0minfo[0m] [0m[31m  java.lang.AssertionError: assertion failed: timeout (3 seconds) during expectMsgClass waiting for class kvstore.Replica$GetResult[0m[0m
[0m[[0minfo[0m] [0m[31m  at scala.Predef$.assert(Predef.scala:165)[0m[0m
[0m[[0minfo[0m] [0m[31m  at akka.testkit.TestKitBase$class.expectMsgClass_internal(TestKit.scala:423)[0m[0m
[0m[[0minfo[0m] [0m[31m  at akka.testkit.TestKitBase$class.expectMsgType(TestKit.scala:396)[0m[0m
[0m[[0minfo[0m] [0m[31m  at akka.testkit.TestKit.expectMsgType(TestKit.scala:718)[0m[0m
[0m[[0minfo[0m] [0m[31m  at kvstore.Tools$Session.get(Tools.scala:75)[0m[0m
[0m[[0minfo[0m] [0m[31m  at kvstore.Step2_SecondarySpec$$anonfun$3.apply$mcV$sp(Step2_SecondarySpec.scala:71)[0m[0m
[0m[[0minfo[0m] [0m[31m  at kvstore.Step2_SecondarySpec$$anonfun$3.apply(Step2_SecondarySpec.scala:60)[0m[0m
[0m[[0minfo[0m] [0m[31m  at kvstore.Step2_SecondarySpec$$anonfun$3.apply(Step2_SecondarySpec.scala:60)[0m[0m
[0m[[0minfo[0m] [0m[31m  at org.scalatest.Transformer$$anonfun$apply$1.apply$mcV$sp(Transformer.scala:22)[0m[0m
[0m[[0minfo[0m] [0m[31m  at org.scalatest.OutcomeOf$class.outcomeOf(OutcomeOf.scala:85)[0m[0m
[0m[[0minfo[0m] [0m[31m  ...[0m[0m
[0m[[0minfo[0m] [0m[31m- case4: Secondary should drop snapshots with future sequence numbers *** FAILED ***[0m[0m
[0m[[0minfo[0m] [0m[31m  java.lang.AssertionError: assertion failed: timeout (3 seconds) during expectMsgClass waiting for class kvstore.Replica$GetResult[0m[0m
[0m[[0minfo[0m] [0m[31m  at scala.Predef$.assert(Predef.scala:165)[0m[0m
[0m[[0minfo[0m] [0m[31m  at akka.testkit.TestKitBase$class.expectMsgClass_internal(TestKit.scala:423)[0m[0m
[0m[[0minfo[0m] [0m[31m  at akka.testkit.TestKitBase$class.expectMsgType(TestKit.scala:396)[0m[0m
[0m[[0minfo[0m] [0m[31m  at akka.testkit.TestKit.expectMsgType(TestKit.scala:718)[0m[0m
[0m[[0minfo[0m] [0m[31m  at kvstore.Tools$Session.get(Tools.scala:75)[0m[0m
[0m[[0minfo[0m] [0m[31m  at kvstore.Step2_SecondarySpec$$anonfun$4.apply$mcV$sp(Step2_SecondarySpec.scala:101)[0m[0m
[0m[[0minfo[0m] [0m[31m  at kvstore.Step2_SecondarySpec$$anonfun$4.apply(Step2_SecondarySpec.scala:90)[0m[0m
[0m[[0minfo[0m] [0m[31m  at kvstore.Step2_SecondarySpec$$anonfun$4.apply(Step2_SecondarySpec.scala:90)[0m[0m
[0m[[0minfo[0m] [0m[31m  at org.scalatest.Transformer$$anonfun$apply$1.apply$mcV$sp(Transformer.scala:22)[0m[0m
[0m[[0minfo[0m] [0m[31m  at org.scalatest.OutcomeOf$class.outcomeOf(OutcomeOf.scala:85)[0m[0m
[0m[[0minfo[0m] [0m[31m  ...[0m[0m
